<?xml version="1.0" encoding="UTF-8" ?>
<testsuite errors="0" failures="0" hostname="jyum-glaptop" name="com.flatironschool.javacs.WikiPhilosophyTest" skipped="0" tests="1" time="5.126" timestamp="2016-06-29T01:09:29">
  <properties>
[...]
</properties>
  <testcase classname="com.flatironschool.javacs.WikiPhilosophyTest" name="testMain" time="5.077" />
  <system-out><![CDATA[Fetching https://en.wikipedia.org/wiki/Java_(programming_language)...
**computer programming language**
Fetching https://en.wikipedia.org/wiki/Programming_language...
**formal**
Fetching https://en.wikipedia.org/wiki/Formal_language...
**mathematics**
Fetching https://en.wikipedia.org/wiki/Mathematics...
**quantity**
Fetching https://en.wikipedia.org/wiki/Quantity...
**property**
Fetching https://en.wikipedia.org/wiki/Property_(philosophy)...
**philosophy**
Eureka!
]]></system-out>
  <system-err><![CDATA[]]></system-err>
</testsuite>
